  [1m[35m (42.6ms)[0m  [1m[35mCREATE TABLE "schema_migrations" ("version" character varying NOT NULL PRIMARY KEY)[0m
  [1m[35m (6.9ms)[0m  [1m[35mCREATE TABLE "ar_internal_metadata" ("key" character varying NOT NULL PRIMARY KEY, "value" character varying, "created_at" timestamp NOT NULL, "updated_at" timestamp NOT NULL)[0m
  [1m[35m (1.2ms)[0m  [1m[34mSELECT pg_try_advisory_lock(8546372934869750190)[0m
  [1m[35m (3.2ms)[0m  [1m[34mSELECT "schema_migrations"."version" FROM "schema_migrations" ORDER BY "schema_migrations"."version" ASC[0m
Migrating to CreateHouses (20180719174111)
  [1m[35m (2.0ms)[0m  [1m[35mBEGIN[0m
  [1m[35m (16.8ms)[0m  [1m[35mCREATE TABLE "houses" ("id" bigserial primary key, "name" character varying NOT NULL, "author" character varying NOT NULL, "source" character varying NOT NULL, "motto" character varying, "created_at" timestamp NOT NULL, "updated_at" timestamp NOT NULL)[0m
  [1m[35mSQL (5.4ms)[0m  [1m[32mINSERT INTO "schema_migrations" ("version") VALUES ($1) RETURNING "version"[0m  [["version", "20180719174111"]]
  [1m[35m (0.9ms)[0m  [1m[35mCOMMIT[0m
  [1m[36mActiveRecord::InternalMetadata Load (1.5ms)[0m  [1m[34mSELECT  "ar_internal_metadata".* FROM "ar_internal_metadata" WHERE "ar_internal_metadata"."key" = $1 LIMIT $2[0m  [["key", "environment"], ["LIMIT", 1]]
  [1m[35m (0.3ms)[0m  [1m[35mBEGIN[0m
  [1m[35mSQL (3.0ms)[0m  [1m[32mINSERT INTO "ar_internal_metadata" ("key", "value", "created_at", "updated_at") VALUES ($1, $2, $3, $4) RETURNING "key"[0m  [["key", "environment"], ["value", "development"], ["created_at", "2018-07-19 17:46:08.775295"], ["updated_at", "2018-07-19 17:46:08.775295"]]
  [1m[35m (0.5ms)[0m  [1m[35mCOMMIT[0m
  [1m[35m (0.4ms)[0m  [1m[34mSELECT pg_advisory_unlock(8546372934869750190)[0m
  [1m[35m (0.9ms)[0m  [1m[34mSELECT "schema_migrations"."version" FROM "schema_migrations" ORDER BY "schema_migrations"."version" ASC[0m
  [1m[35m (1.1ms)[0m  [1m[34mSELECT "schema_migrations"."version" FROM "schema_migrations" ORDER BY "schema_migrations"."version" ASC[0m
  [1m[35m (0.4ms)[0m  [1m[34mSELECT pg_try_advisory_lock(8546372934869750190)[0m
  [1m[35m (0.4ms)[0m  [1m[34mSELECT "schema_migrations"."version" FROM "schema_migrations" ORDER BY "schema_migrations"."version" ASC[0m
Migrating to CreateHouses (20180719174111)
  [1m[35m (0.2ms)[0m  [1m[35mBEGIN[0m
  [1m[35m (5.9ms)[0m  [1m[35mDROP TABLE "houses"[0m
  [1m[35mSQL (1.1ms)[0m  [1m[31mDELETE FROM "schema_migrations" WHERE "schema_migrations"."version" = $1[0m  [["version", "20180719174111"]]
  [1m[35m (1.9ms)[0m  [1m[35mCOMMIT[0m
  [1m[35m (0.3ms)[0m  [1m[34mSELECT pg_advisory_unlock(8546372934869750190)[0m
  [1m[35m (0.5ms)[0m  [1m[34mSELECT "schema_migrations"."version" FROM "schema_migrations" ORDER BY "schema_migrations"."version" ASC[0m
  [1m[35m (0.3ms)[0m  [1m[34mSELECT pg_try_advisory_lock(8546372934869750190)[0m
  [1m[35m (1.0ms)[0m  [1m[34mSELECT "schema_migrations"."version" FROM "schema_migrations" ORDER BY "schema_migrations"."version" ASC[0m
Migrating to CreateHouses (20180719174111)
  [1m[35m (0.3ms)[0m  [1m[35mBEGIN[0m
  [1m[35m (8.2ms)[0m  [1m[35mCREATE TABLE "houses" ("id" bigserial primary key, "name" character varying NOT NULL, "author" character varying NOT NULL, "source" character varying NOT NULL, "motto" character varying, "created_at" timestamp NOT NULL, "updated_at" timestamp NOT NULL)[0m
  [1m[35mSQL (0.6ms)[0m  [1m[32mINSERT INTO "schema_migrations" ("version") VALUES ($1) RETURNING "version"[0m  [["version", "20180719174111"]]
  [1m[35m (0.6ms)[0m  [1m[35mCOMMIT[0m
  [1m[36mActiveRecord::InternalMetadata Load (1.0ms)[0m  [1m[34mSELECT  "ar_internal_metadata".* FROM "ar_internal_metadata" WHERE "ar_internal_metadata"."key" = $1 LIMIT $2[0m  [["key", "environment"], ["LIMIT", 1]]
  [1m[35m (0.3ms)[0m  [1m[35mBEGIN[0m
  [1m[35m (0.2ms)[0m  [1m[35mCOMMIT[0m
  [1m[35m (0.3ms)[0m  [1m[34mSELECT pg_advisory_unlock(8546372934869750190)[0m
  [1m[35m (0.6ms)[0m  [1m[34mSELECT "schema_migrations"."version" FROM "schema_migrations" ORDER BY "schema_migrations"."version" ASC[0m
  [1m[35m (0.3ms)[0m  [1m[34mSELECT pg_try_advisory_lock(8546372934869750190)[0m
  [1m[35m (1.1ms)[0m  [1m[34mSELECT "schema_migrations"."version" FROM "schema_migrations" ORDER BY "schema_migrations"."version" ASC[0m
  [1m[36mActiveRecord::InternalMetadata Load (0.6ms)[0m  [1m[34mSELECT  "ar_internal_metadata".* FROM "ar_internal_metadata" WHERE "ar_internal_metadata"."key" = $1 LIMIT $2[0m  [["key", "environment"], ["LIMIT", 1]]
  [1m[35m (0.3ms)[0m  [1m[35mBEGIN[0m
  [1m[35m (0.2ms)[0m  [1m[35mCOMMIT[0m
  [1m[35m (0.3ms)[0m  [1m[34mSELECT pg_advisory_unlock(8546372934869750190)[0m
  [1m[35m (0.4ms)[0m  [1m[34mSELECT "schema_migrations"."version" FROM "schema_migrations" ORDER BY "schema_migrations"."version" ASC[0m
  [1m[35m (1.1ms)[0m  [1m[34mSELECT "schema_migrations"."version" FROM "schema_migrations" ORDER BY "schema_migrations"."version" ASC[0m
  [1m[35m (0.3ms)[0m  [1m[34mSELECT pg_try_advisory_lock(8546372934869750190)[0m
  [1m[35m (0.4ms)[0m  [1m[34mSELECT "schema_migrations"."version" FROM "schema_migrations" ORDER BY "schema_migrations"."version" ASC[0m
Migrating to CreateHouses (20180719174111)
  [1m[35m (0.2ms)[0m  [1m[35mBEGIN[0m
  [1m[35m (2.2ms)[0m  [1m[35mDROP TABLE "houses"[0m
  [1m[35mSQL (0.7ms)[0m  [1m[31mDELETE FROM "schema_migrations" WHERE "schema_migrations"."version" = $1[0m  [["version", "20180719174111"]]
  [1m[35m (2.4ms)[0m  [1m[35mCOMMIT[0m
  [1m[35m (0.3ms)[0m  [1m[34mSELECT pg_advisory_unlock(8546372934869750190)[0m
  [1m[35m (0.4ms)[0m  [1m[34mSELECT "schema_migrations"."version" FROM "schema_migrations" ORDER BY "schema_migrations"."version" ASC[0m
  [1m[35m (0.3ms)[0m  [1m[34mSELECT pg_try_advisory_lock(8546372934869750190)[0m
  [1m[35m (1.1ms)[0m  [1m[34mSELECT "schema_migrations"."version" FROM "schema_migrations" ORDER BY "schema_migrations"."version" ASC[0m
Migrating to CreateHouses (20180719174111)
  [1m[35m (0.2ms)[0m  [1m[35mBEGIN[0m
  [1m[35m (8.1ms)[0m  [1m[35mCREATE TABLE "houses" ("id" bigserial primary key, "name" character varying NOT NULL, "author" character varying NOT NULL, "source" character varying NOT NULL, "motto" character varying, "created_at" timestamp NOT NULL, "updated_at" timestamp NOT NULL)[0m
  [1m[35mSQL (0.9ms)[0m  [1m[32mINSERT INTO "schema_migrations" ("version") VALUES ($1) RETURNING "version"[0m  [["version", "20180719174111"]]
  [1m[35m (0.5ms)[0m  [1m[35mCOMMIT[0m
  [1m[36mActiveRecord::InternalMetadata Load (0.7ms)[0m  [1m[34mSELECT  "ar_internal_metadata".* FROM "ar_internal_metadata" WHERE "ar_internal_metadata"."key" = $1 LIMIT $2[0m  [["key", "environment"], ["LIMIT", 1]]
  [1m[35m (0.2ms)[0m  [1m[35mBEGIN[0m
  [1m[35m (0.2ms)[0m  [1m[35mCOMMIT[0m
  [1m[35m (0.3ms)[0m  [1m[34mSELECT pg_advisory_unlock(8546372934869750190)[0m
  [1m[35m (0.5ms)[0m  [1m[34mSELECT "schema_migrations"."version" FROM "schema_migrations" ORDER BY "schema_migrations"."version" ASC[0m
Started GET "/" for ::1 at 2018-07-19 13:49:33 -0400
  [1m[35m (1.1ms)[0m  [1m[34mSELECT "schema_migrations"."version" FROM "schema_migrations" ORDER BY "schema_migrations"."version" ASC[0m
Processing by Rails::WelcomeController#index as HTML
  Rendering /Users/rahulsangar/.gem/ruby/2.3.3/gems/railties-5.1.4/lib/rails/templates/rails/welcome/index.html.erb
  Rendered /Users/rahulsangar/.gem/ruby/2.3.3/gems/railties-5.1.4/lib/rails/templates/rails/welcome/index.html.erb (5.2ms)
Completed 200 OK in 20ms (Views: 16.2ms | ActiveRecord: 0.0ms)


Started GET "/" for ::1 at 2018-07-19 14:03:00 -0400
Processing by Rails::WelcomeController#index as HTML
  Rendering /Users/rahulsangar/.gem/ruby/2.3.3/gems/railties-5.1.4/lib/rails/templates/rails/welcome/index.html.erb
  Rendered /Users/rahulsangar/.gem/ruby/2.3.3/gems/railties-5.1.4/lib/rails/templates/rails/welcome/index.html.erb (4.4ms)
Completed 200 OK in 11ms (Views: 7.5ms | ActiveRecord: 0.0ms)


Started GET "/" for ::1 at 2018-07-19 14:03:23 -0400
Processing by HousesController#index as HTML
  Rendering houses/index.html.erb within layouts/application
  Rendered houses/index.html.erb within layouts/application (0.4ms)
Completed 200 OK in 370ms (Views: 361.8ms | ActiveRecord: 0.0ms)


Started GET "/houses/new" for ::1 at 2018-07-19 14:03:45 -0400
Processing by HousesController#new as HTML
  Rendering houses/new.html.erb within layouts/application
  Rendered houses/new.html.erb within layouts/application (28.1ms)
Completed 200 OK in 91ms (Views: 62.9ms | ActiveRecord: 16.0ms)


Started GET "/houses/new" for ::1 at 2018-07-19 14:06:10 -0400
Processing by HousesController#new as HTML
  Rendering houses/new.html.erb within layouts/application
  Rendered houses/new.html.erb within layouts/application (10.8ms)
Completed 200 OK in 76ms (Views: 68.8ms | ActiveRecord: 0.0ms)


Started POST "/houses" for ::1 at 2018-07-19 14:06:31 -0400
Processing by HousesController#create as HTML
  Parameters: {"utf8"=>"✓", "authenticity_token"=>"CkpDkLZseOlnGfU1xWv8LKuEG3wdWydypN1hf6gOUD68yYVbaeSiARJmDAHiWDi07VKWw+nGHaTf3/fYInSEnA==", "house"=>{"name"=>"Ra's House", "author"=>"", "source"=>"", "motto"=>""}, "commit"=>"Add House"}
  [1m[35m (2.6ms)[0m  [1m[35mBEGIN[0m
  [1m[35mSQL (10.5ms)[0m  [1m[32mINSERT INTO "houses" ("name", "author", "source", "motto", "created_at", "updated_at") VALUES ($1, $2, $3, $4, $5, $6) RETURNING "id"[0m  [["name", "Ra's House"], ["author", ""], ["source", ""], ["motto", ""], ["created_at", "2018-07-19 18:06:31.412166"], ["updated_at", "2018-07-19 18:06:31.412166"]]
  [1m[35m (0.6ms)[0m  [1m[35mCOMMIT[0m
Completed 500 Internal Server Error in 95ms (ActiveRecord: 13.7ms)


  
NoMethodError (undefined method `redirect' for #<HousesController:0x007f8ecf9091c8>
Did you mean?  redirect_to):
  
app/controllers/houses_controller.rb:15:in `create'
Started POST "/houses" for ::1 at 2018-07-19 14:06:52 -0400
Processing by HousesController#create as HTML
  Parameters: {"utf8"=>"✓", "authenticity_token"=>"CkpDkLZseOlnGfU1xWv8LKuEG3wdWydypN1hf6gOUD68yYVbaeSiARJmDAHiWDi07VKWw+nGHaTf3/fYInSEnA==", "house"=>{"name"=>"Ra's House", "author"=>"", "source"=>"", "motto"=>""}, "commit"=>"Add House"}
  [1m[35m (0.3ms)[0m  [1m[35mBEGIN[0m
  [1m[35mSQL (2.7ms)[0m  [1m[32mINSERT INTO "houses" ("name", "author", "source", "motto", "created_at", "updated_at") VALUES ($1, $2, $3, $4, $5, $6) RETURNING "id"[0m  [["name", "Ra's House"], ["author", ""], ["source", ""], ["motto", ""], ["created_at", "2018-07-19 18:06:52.503418"], ["updated_at", "2018-07-19 18:06:52.503418"]]
  [1m[35m (0.7ms)[0m  [1m[35mCOMMIT[0m
Redirected to http://localhost:3000/houses/2
Completed 302 Found in 55ms (ActiveRecord: 15.5ms)


Started GET "/houses/2" for ::1 at 2018-07-19 14:06:52 -0400
  
AbstractController::ActionNotFound (The action 'show' could not be found for HousesController):
  
actionpack (5.1.4) lib/abstract_controller/base.rb:119:in `process'
actionview (5.1.4) lib/action_view/rendering.rb:30:in `process'
actionpack (5.1.4) lib/action_controller/metal.rb:189:in `dispatch'
actionpack (5.1.4) lib/action_controller/metal.rb:253:in `dispatch'
actionpack (5.1.4) lib/action_dispatch/routing/route_set.rb:49:in `dispatch'
actionpack (5.1.4) lib/action_dispatch/routing/route_set.rb:31:in `serve'
actionpack (5.1.4) lib/action_dispatch/journey/router.rb:50:in `block in serve'
actionpack (5.1.4) lib/action_dispatch/journey/router.rb:33:in `each'
actionpack (5.1.4) lib/action_dispatch/journey/router.rb:33:in `serve'
actionpack (5.1.4) lib/action_dispatch/routing/route_set.rb:834:in `call'
rack (2.0.3) lib/rack/etag.rb:25:in `call'
rack (2.0.3) lib/rack/conditional_get.rb:25:in `call'
rack (2.0.3) lib/rack/head.rb:12:in `call'
rack (2.0.3) lib/rack/session/abstract/id.rb:232:in `context'
rack (2.0.3) lib/rack/session/abstract/id.rb:226:in `call'
actionpack (5.1.4) lib/action_dispatch/middleware/cookies.rb:613:in `call'
activerecord (5.1.4) lib/active_record/migration.rb:556:in `call'
actionpack (5.1.4) lib/action_dispatch/middleware/callbacks.rb:26:in `block in call'
activesupport (5.1.4) lib/active_support/callbacks.rb:97:in `run_callbacks'
actionpack (5.1.4) lib/action_dispatch/middleware/callbacks.rb:24:in `call'
actionpack (5.1.4) lib/action_dispatch/middleware/executor.rb:12:in `call'
actionpack (5.1.4) lib/action_dispatch/middleware/debug_exceptions.rb:59:in `call'
actionpack (5.1.4) lib/action_dispatch/middleware/show_exceptions.rb:31:in `call'
railties (5.1.4) lib/rails/rack/logger.rb:36:in `call_app'
railties (5.1.4) lib/rails/rack/logger.rb:24:in `block in call'
activesupport (5.1.4) lib/active_support/tagged_logging.rb:69:in `block in tagged'
activesupport (5.1.4) lib/active_support/tagged_logging.rb:26:in `tagged'
activesupport (5.1.4) lib/active_support/tagged_logging.rb:69:in `tagged'
railties (5.1.4) lib/rails/rack/logger.rb:24:in `call'
sprockets-rails (3.2.1) lib/sprockets/rails/quiet_assets.rb:13:in `call'
actionpack (5.1.4) lib/action_dispatch/middleware/remote_ip.rb:79:in `call'
actionpack (5.1.4) lib/action_dispatch/middleware/request_id.rb:25:in `call'
rack (2.0.3) lib/rack/method_override.rb:22:in `call'
rack (2.0.3) lib/rack/runtime.rb:22:in `call'
activesupport (5.1.4) lib/active_support/cache/strategy/local_cache_middleware.rb:27:in `call'
actionpack (5.1.4) lib/action_dispatch/middleware/executor.rb:12:in `call'
actionpack (5.1.4) lib/action_dispatch/middleware/static.rb:125:in `call'
rack (2.0.3) lib/rack/sendfile.rb:111:in `call'
railties (5.1.4) lib/rails/engine.rb:522:in `call'
rack (2.0.3) lib/rack/handler/webrick.rb:86:in `service'
/Users/rahulsangar/.rubies/ruby-2.3.3/lib/ruby/2.3.0/webrick/httpserver.rb:140:in `service'
/Users/rahulsangar/.rubies/ruby-2.3.3/lib/ruby/2.3.0/webrick/httpserver.rb:96:in `run'
/Users/rahulsangar/.rubies/ruby-2.3.3/lib/ruby/2.3.0/webrick/server.rb:296:in `block in start_thread'
Started POST "/houses" for ::1 at 2018-07-19 14:07:06 -0400
Processing by HousesController#create as HTML
  Parameters: {"utf8"=>"✓", "authenticity_token"=>"CkpDkLZseOlnGfU1xWv8LKuEG3wdWydypN1hf6gOUD68yYVbaeSiARJmDAHiWDi07VKWw+nGHaTf3/fYInSEnA==", "house"=>{"name"=>"Ra's House", "author"=>"", "source"=>"", "motto"=>""}, "commit"=>"Add House"}
  [1m[35m (0.2ms)[0m  [1m[35mBEGIN[0m
  [1m[35mSQL (1.7ms)[0m  [1m[32mINSERT INTO "houses" ("name", "author", "source", "motto", "created_at", "updated_at") VALUES ($1, $2, $3, $4, $5, $6) RETURNING "id"[0m  [["name", "Ra's House"], ["author", ""], ["source", ""], ["motto", ""], ["created_at", "2018-07-19 18:07:06.479725"], ["updated_at", "2018-07-19 18:07:06.479725"]]
  [1m[35m (0.4ms)[0m  [1m[35mCOMMIT[0m
Redirected to http://localhost:3000/houses/3
Completed 302 Found in 15ms (ActiveRecord: 2.4ms)


Started GET "/houses/3" for ::1 at 2018-07-19 14:07:06 -0400
  
AbstractController::ActionNotFound (The action 'show' could not be found for HousesController):
  
actionpack (5.1.4) lib/abstract_controller/base.rb:119:in `process'
actionview (5.1.4) lib/action_view/rendering.rb:30:in `process'
actionpack (5.1.4) lib/action_controller/metal.rb:189:in `dispatch'
actionpack (5.1.4) lib/action_controller/metal.rb:253:in `dispatch'
actionpack (5.1.4) lib/action_dispatch/routing/route_set.rb:49:in `dispatch'
actionpack (5.1.4) lib/action_dispatch/routing/route_set.rb:31:in `serve'
actionpack (5.1.4) lib/action_dispatch/journey/router.rb:50:in `block in serve'
actionpack (5.1.4) lib/action_dispatch/journey/router.rb:33:in `each'
actionpack (5.1.4) lib/action_dispatch/journey/router.rb:33:in `serve'
actionpack (5.1.4) lib/action_dispatch/routing/route_set.rb:834:in `call'
rack (2.0.3) lib/rack/etag.rb:25:in `call'
rack (2.0.3) lib/rack/conditional_get.rb:25:in `call'
rack (2.0.3) lib/rack/head.rb:12:in `call'
rack (2.0.3) lib/rack/session/abstract/id.rb:232:in `context'
rack (2.0.3) lib/rack/session/abstract/id.rb:226:in `call'
actionpack (5.1.4) lib/action_dispatch/middleware/cookies.rb:613:in `call'
activerecord (5.1.4) lib/active_record/migration.rb:556:in `call'
actionpack (5.1.4) lib/action_dispatch/middleware/callbacks.rb:26:in `block in call'
activesupport (5.1.4) lib/active_support/callbacks.rb:97:in `run_callbacks'
actionpack (5.1.4) lib/action_dispatch/middleware/callbacks.rb:24:in `call'
actionpack (5.1.4) lib/action_dispatch/middleware/executor.rb:12:in `call'
actionpack (5.1.4) lib/action_dispatch/middleware/debug_exceptions.rb:59:in `call'
actionpack (5.1.4) lib/action_dispatch/middleware/show_exceptions.rb:31:in `call'
railties (5.1.4) lib/rails/rack/logger.rb:36:in `call_app'
railties (5.1.4) lib/rails/rack/logger.rb:24:in `block in call'
activesupport (5.1.4) lib/active_support/tagged_logging.rb:69:in `block in tagged'
activesupport (5.1.4) lib/active_support/tagged_logging.rb:26:in `tagged'
activesupport (5.1.4) lib/active_support/tagged_logging.rb:69:in `tagged'
railties (5.1.4) lib/rails/rack/logger.rb:24:in `call'
sprockets-rails (3.2.1) lib/sprockets/rails/quiet_assets.rb:13:in `call'
actionpack (5.1.4) lib/action_dispatch/middleware/remote_ip.rb:79:in `call'
actionpack (5.1.4) lib/action_dispatch/middleware/request_id.rb:25:in `call'
rack (2.0.3) lib/rack/method_override.rb:22:in `call'
rack (2.0.3) lib/rack/runtime.rb:22:in `call'
activesupport (5.1.4) lib/active_support/cache/strategy/local_cache_middleware.rb:27:in `call'
actionpack (5.1.4) lib/action_dispatch/middleware/executor.rb:12:in `call'
actionpack (5.1.4) lib/action_dispatch/middleware/static.rb:125:in `call'
rack (2.0.3) lib/rack/sendfile.rb:111:in `call'
railties (5.1.4) lib/rails/engine.rb:522:in `call'
rack (2.0.3) lib/rack/handler/webrick.rb:86:in `service'
/Users/rahulsangar/.rubies/ruby-2.3.3/lib/ruby/2.3.0/webrick/httpserver.rb:140:in `service'
/Users/rahulsangar/.rubies/ruby-2.3.3/lib/ruby/2.3.0/webrick/httpserver.rb:96:in `run'
/Users/rahulsangar/.rubies/ruby-2.3.3/lib/ruby/2.3.0/webrick/server.rb:296:in `block in start_thread'
  [1m[36mHouse Load (1.0ms)[0m  [1m[34mSELECT "houses".* FROM "houses"[0m
  [1m[36mHouse Load (0.4ms)[0m  [1m[34mSELECT  "houses".* FROM "houses" ORDER BY "houses"."id" ASC LIMIT $1[0m  [["LIMIT", 1]]
  [1m[35m (0.3ms)[0m  [1m[35mBEGIN[0m
  [1m[35mSQL (0.6ms)[0m  [1m[31mDELETE FROM "houses" WHERE "houses"."id" = $1[0m  [["id", 1]]
  [1m[35m (0.6ms)[0m  [1m[35mCOMMIT[0m
  [1m[36mHouse Load (0.5ms)[0m  [1m[34mSELECT  "houses".* FROM "houses" ORDER BY "houses"."id" ASC LIMIT $1[0m  [["LIMIT", 1]]
  [1m[35m (0.2ms)[0m  [1m[35mBEGIN[0m
  [1m[35mSQL (0.5ms)[0m  [1m[31mDELETE FROM "houses" WHERE "houses"."id" = $1[0m  [["id", 2]]
  [1m[35m (0.5ms)[0m  [1m[35mCOMMIT[0m
  [1m[36mHouse Load (0.5ms)[0m  [1m[34mSELECT "houses".* FROM "houses"[0m
  [1m[36mHouse Load (0.5ms)[0m  [1m[34mSELECT  "houses".* FROM "houses" ORDER BY "houses"."id" ASC LIMIT $1[0m  [["LIMIT", 1]]
  [1m[36mHouse Load (0.5ms)[0m  [1m[34mSELECT  "houses".* FROM "houses" ORDER BY "houses"."id" ASC LIMIT $1[0m  [["LIMIT", 1]]
  [1m[35mSQL (1.3ms)[0m  [1m[31mDELETE FROM "houses" WHERE "houses"."id" = $1[0m  [["id", 3]]
  [1m[36mHouse Load (0.5ms)[0m  [1m[34mSELECT  "houses".* FROM "houses" ORDER BY "houses"."id" ASC LIMIT $1[0m  [["LIMIT", 1]]
Started GET "/houses/new" for ::1 at 2018-07-19 14:17:04 -0400
Processing by HousesController#new as HTML
  Rendering houses/new.html.erb within layouts/application
  Rendered houses/new.html.erb within layouts/application (13.0ms)
Completed 200 OK in 100ms (Views: 49.4ms | ActiveRecord: 25.1ms)


Started GET "/houses/1" for ::1 at 2018-07-19 14:17:10 -0400
Processing by HousesController#show as HTML
  Parameters: {"id"=>"1"}
  [1m[36mHouse Load (2.2ms)[0m  [1m[34mSELECT  "houses".* FROM "houses" WHERE "houses"."id" = $1 LIMIT $2[0m  [["id", 1], ["LIMIT", 1]]
Completed 404 Not Found in 24ms (ActiveRecord: 3.8ms)


  
ActiveRecord::RecordNotFound (Couldn't find House with 'id'=1):
  
app/controllers/houses_controller.rb:23:in `show'
Started GET "/houses" for ::1 at 2018-07-19 14:17:35 -0400
Processing by HousesController#index as HTML
  Rendering houses/index.html.erb within layouts/application
  Rendered houses/index.html.erb within layouts/application (0.5ms)
Completed 200 OK in 24ms (Views: 21.3ms | ActiveRecord: 0.0ms)


Started GET "/houses/new" for ::1 at 2018-07-19 14:17:41 -0400
Processing by HousesController#new as HTML
  Rendering houses/new.html.erb within layouts/application
  Rendered houses/new.html.erb within layouts/application (3.8ms)
Completed 200 OK in 25ms (Views: 23.0ms | ActiveRecord: 0.0ms)


Started POST "/houses" for ::1 at 2018-07-19 14:17:44 -0400
Processing by HousesController#create as HTML
  Parameters: {"utf8"=>"✓", "authenticity_token"=>"20nSM5Msydv/DkoWN61UjiSYomIXivftygpRSSy5E3JtyhT4TKQTM4pxsyIQnpAWYk4v3eMXzTuxCMfupsPH0A==", "house"=>{"name"=>"Ra's House", "author"=>"", "source"=>"", "motto"=>""}, "commit"=>"Add House"}
  [1m[35m (0.2ms)[0m  [1m[35mBEGIN[0m
  [1m[35m (0.3ms)[0m  [1m[31mROLLBACK[0m
  Rendering houses/new.html.erb within layouts/application
  Rendered houses/new.html.erb within layouts/application (5.9ms)
Completed 200 OK in 39ms (Views: 29.9ms | ActiveRecord: 0.5ms)


Started POST "/houses" for ::1 at 2018-07-19 14:18:09 -0400
Processing by HousesController#create as HTML
  Parameters: {"utf8"=>"✓", "authenticity_token"=>"nfGxb/vn2M8dUWjr7UpYvQ8Kjmy1IVB97F/57y0fBmIrcnekJG8CJ2gukd/KeZwlSdwD00G8aquXXW9Ip2XSwA==", "house"=>{"name"=>"Ra's House", "author"=>"Rahul Sangar", "source"=>"Me", "motto"=>"We after Me"}, "commit"=>"Add House"}
  [1m[35m (0.2ms)[0m  [1m[35mBEGIN[0m
  [1m[35mSQL (0.8ms)[0m  [1m[32mINSERT INTO "houses" ("name", "author", "source", "motto", "created_at", "updated_at") VALUES ($1, $2, $3, $4, $5, $6) RETURNING "id"[0m  [["name", "Ra's House"], ["author", "Rahul Sangar"], ["source", "Me"], ["motto", "We after Me"], ["created_at", "2018-07-19 18:18:09.983527"], ["updated_at", "2018-07-19 18:18:09.983527"]]
  [1m[35m (2.0ms)[0m  [1m[35mCOMMIT[0m
Redirected to http://localhost:3000/houses/4
Completed 302 Found in 9ms (ActiveRecord: 3.0ms)


Started GET "/houses/4" for ::1 at 2018-07-19 14:18:10 -0400
Processing by HousesController#show as HTML
  Parameters: {"id"=>"4"}
  [1m[36mHouse Load (1.7ms)[0m  [1m[34mSELECT  "houses".* FROM "houses" WHERE "houses"."id" = $1 LIMIT $2[0m  [["id", 4], ["LIMIT", 1]]
  Rendering houses/show.html.erb within layouts/application
  Rendered houses/show.html.erb within layouts/application (0.7ms)
Completed 200 OK in 38ms (Views: 22.3ms | ActiveRecord: 2.3ms)


Started GET "/houses" for ::1 at 2018-07-19 14:18:16 -0400
Processing by HousesController#index as HTML
  Rendering houses/index.html.erb within layouts/application
  Rendered houses/index.html.erb within layouts/application (0.5ms)
Completed 200 OK in 25ms (Views: 22.8ms | ActiveRecord: 0.0ms)


Started GET "/houses" for ::1 at 2018-07-19 14:21:11 -0400
Processing by HousesController#index as HTML
  Rendering houses/index.html.erb within layouts/application
  Rendered houses/index.html.erb within layouts/application (4.4ms)
Completed 500 Internal Server Error in 12ms (ActiveRecord: 0.0ms)


  
ActionView::Template::Error (undefined method `each' for nil:NilClass):
    1: <h2>Houses</h2>
    2: 
    3: <ol>
    4:   <% @houses.each do |h| %>
    5:     <li>
    6:       <%= h.name %>
    7:     </li>
  
app/views/houses/index.html.erb:4:in `_app_views_houses_index_html_erb__1946935336003636658_70125652574960'
Started GET "/houses" for ::1 at 2018-07-19 14:21:25 -0400
Processing by HousesController#index as HTML
  Rendering houses/index.html.erb within layouts/application
  [1m[36mHouse Load (0.7ms)[0m  [1m[34mSELECT "houses".* FROM "houses"[0m
  Rendered houses/index.html.erb within layouts/application (13.9ms)
Completed 200 OK in 54ms (Views: 47.9ms | ActiveRecord: 0.7ms)


Started GET "/houses/new" for ::1 at 2018-07-19 14:25:26 -0400
Processing by HousesController#new as HTML
  Rendering houses/new.html.erb within layouts/application
  Rendered houses/new.html.erb within layouts/application (40.3ms)
Completed 200 OK in 124ms (Views: 105.3ms | ActiveRecord: 0.0ms)


Started GET "/houses/new" for ::1 at 2018-07-19 14:26:33 -0400
Processing by HousesController#new as HTML
  Rendering houses/new.html.erb within layouts/application
  Rendered houses/new.html.erb within layouts/application (24.6ms)
Completed 200 OK in 78ms (Views: 68.1ms | ActiveRecord: 0.0ms)


Started GET "/houses/new" for ::1 at 2018-07-19 14:27:29 -0400
Processing by HousesController#new as HTML
  Rendering houses/new.html.erb within layouts/application
  Rendered houses/new.html.erb within layouts/application (15.0ms)
Completed 200 OK in 59ms (Views: 53.6ms | ActiveRecord: 0.0ms)


Started GET "/houses/new" for ::1 at 2018-07-19 14:27:34 -0400
Processing by HousesController#new as HTML
  Rendering houses/new.html.erb within layouts/application
  Rendered houses/new.html.erb within layouts/application (4.9ms)
Completed 200 OK in 30ms (Views: 27.9ms | ActiveRecord: 0.0ms)


Started GET "/houses/new" for ::1 at 2018-07-19 14:27:59 -0400
Processing by HousesController#new as HTML
  Rendering houses/new.html.erb within layouts/application
  Rendered houses/new.html.erb within layouts/application (5.5ms)
Completed 200 OK in 27ms (Views: 24.9ms | ActiveRecord: 0.0ms)


Started GET "/houses" for ::1 at 2018-07-19 14:29:37 -0400
Processing by HousesController#index as HTML
  Rendering houses/index.html.erb within layouts/application
  [1m[36mHouse Load (5.6ms)[0m  [1m[34mSELECT "houses".* FROM "houses"[0m
  Rendered houses/index.html.erb within layouts/application (48.3ms)
Completed 200 OK in 141ms (Views: 120.2ms | ActiveRecord: 5.6ms)


Started GET "/houses/4" for ::1 at 2018-07-19 14:29:40 -0400
Processing by HousesController#show as HTML
  Parameters: {"id"=>"4"}
  [1m[36mHouse Load (6.3ms)[0m  [1m[34mSELECT  "houses".* FROM "houses" WHERE "houses"."id" = $1 LIMIT $2[0m  [["id", 4], ["LIMIT", 1]]
  Rendering houses/show.html.erb within layouts/application
  Rendered houses/show.html.erb within layouts/application (1.5ms)
Completed 200 OK in 77ms (Views: 43.7ms | ActiveRecord: 6.3ms)


Started GET "/houses" for ::1 at 2018-07-19 14:31:56 -0400
Processing by HousesController#index as HTML
  Rendering houses/index.html.erb within layouts/application
  [1m[36mHouse Load (4.4ms)[0m  [1m[34mSELECT "houses".* FROM "houses"[0m
  Rendered houses/index.html.erb within layouts/application (20.1ms)
Completed 200 OK in 81ms (Views: 72.8ms | ActiveRecord: 4.4ms)


Started GET "/houses/new" for ::1 at 2018-07-19 14:31:58 -0400
Processing by HousesController#new as HTML
  Rendering houses/new.html.erb within layouts/application
  Rendered houses/new.html.erb within layouts/application (15.0ms)
Completed 200 OK in 62ms (Views: 58.3ms | ActiveRecord: 0.0ms)


  [1m[35m (1.6ms)[0m  [1m[34mSELECT pg_try_advisory_lock(8546372934869750190)[0m
  [1m[35m (5.2ms)[0m  [1m[34mSELECT "schema_migrations"."version" FROM "schema_migrations" ORDER BY "schema_migrations"."version" ASC[0m
Migrating to CreateMembers (20180719183417)
  [1m[35m (0.3ms)[0m  [1m[35mBEGIN[0m
  [1m[35m (19.9ms)[0m  [1m[35mCREATE TABLE "members" ("id" bigserial primary key, "house_id" bigint NOT NULL, "first_name" character varying NOT NULL, "last_name" character varying NOT NULL, "created_at" timestamp NOT NULL, "updated_at" timestamp NOT NULL)[0m
  [1m[35m (2.6ms)[0m  [1m[35mCREATE  INDEX  "index_members_on_house_id" ON "members"  ("house_id")[0m
  [1m[35mSQL (0.6ms)[0m  [1m[32mINSERT INTO "schema_migrations" ("version") VALUES ($1) RETURNING "version"[0m  [["version", "20180719183417"]]
  [1m[35m (1.8ms)[0m  [1m[35mCOMMIT[0m
  [1m[36mActiveRecord::InternalMetadata Load (0.7ms)[0m  [1m[34mSELECT  "ar_internal_metadata".* FROM "ar_internal_metadata" WHERE "ar_internal_metadata"."key" = $1 LIMIT $2[0m  [["key", "environment"], ["LIMIT", 1]]
  [1m[35m (0.3ms)[0m  [1m[35mBEGIN[0m
  [1m[35m (0.7ms)[0m  [1m[35mCOMMIT[0m
  [1m[35m (0.4ms)[0m  [1m[34mSELECT pg_advisory_unlock(8546372934869750190)[0m
  [1m[35m (0.4ms)[0m  [1m[34mSELECT "schema_migrations"."version" FROM "schema_migrations" ORDER BY "schema_migrations"."version" ASC[0m
  [1m[35m (1.0ms)[0m  [1m[34mSELECT "schema_migrations"."version" FROM "schema_migrations" ORDER BY "schema_migrations"."version" ASC[0m
  [1m[35m (0.4ms)[0m  [1m[34mSELECT pg_try_advisory_lock(8546372934869750190)[0m
  [1m[35m (0.4ms)[0m  [1m[34mSELECT "schema_migrations"."version" FROM "schema_migrations" ORDER BY "schema_migrations"."version" ASC[0m
Migrating to CreateMembers (20180719183417)
  [1m[35m (0.3ms)[0m  [1m[35mBEGIN[0m
  [1m[35m (3.7ms)[0m  [1m[35mDROP TABLE "members"[0m
  [1m[35mSQL (0.7ms)[0m  [1m[31mDELETE FROM "schema_migrations" WHERE "schema_migrations"."version" = $1[0m  [["version", "20180719183417"]]
  [1m[35m (2.3ms)[0m  [1m[35mCOMMIT[0m
  [1m[35m (0.3ms)[0m  [1m[34mSELECT pg_advisory_unlock(8546372934869750190)[0m
  [1m[35m (0.6ms)[0m  [1m[34mSELECT "schema_migrations"."version" FROM "schema_migrations" ORDER BY "schema_migrations"."version" ASC[0m
  [1m[35m (0.4ms)[0m  [1m[34mSELECT pg_try_advisory_lock(8546372934869750190)[0m
  [1m[35m (1.1ms)[0m  [1m[34mSELECT "schema_migrations"."version" FROM "schema_migrations" ORDER BY "schema_migrations"."version" ASC[0m
Migrating to CreateMembers (20180719183417)
  [1m[35m (0.2ms)[0m  [1m[35mBEGIN[0m
  [1m[35m (6.9ms)[0m  [1m[35mCREATE TABLE "members" ("id" bigserial primary key, "house_id" bigint NOT NULL, "first_name" character varying NOT NULL, "last_name" character varying NOT NULL, "created_at" timestamp NOT NULL, "updated_at" timestamp NOT NULL)[0m
  [1m[35m (1.2ms)[0m  [1m[35mCREATE  INDEX  "index_members_on_house_id" ON "members"  ("house_id")[0m
  [1m[35mSQL (0.7ms)[0m  [1m[32mINSERT INTO "schema_migrations" ("version") VALUES ($1) RETURNING "version"[0m  [["version", "20180719183417"]]
  [1m[35m (0.7ms)[0m  [1m[35mCOMMIT[0m
  [1m[36mActiveRecord::InternalMetadata Load (0.6ms)[0m  [1m[34mSELECT  "ar_internal_metadata".* FROM "ar_internal_metadata" WHERE "ar_internal_metadata"."key" = $1 LIMIT $2[0m  [["key", "environment"], ["LIMIT", 1]]
  [1m[35m (0.2ms)[0m  [1m[35mBEGIN[0m
  [1m[35m (0.2ms)[0m  [1m[35mCOMMIT[0m
  [1m[35m (0.3ms)[0m  [1m[34mSELECT pg_advisory_unlock(8546372934869750190)[0m
  [1m[35m (0.5ms)[0m  [1m[34mSELECT "schema_migrations"."version" FROM "schema_migrations" ORDER BY "schema_migrations"."version" ASC[0m
Started GET "/houses" for ::1 at 2018-07-19 14:52:17 -0400
  [1m[35m (1.9ms)[0m  [1m[34mSELECT "schema_migrations"."version" FROM "schema_migrations" ORDER BY "schema_migrations"."version" ASC[0m
  
SyntaxError (/Users/rahulsangar/challenges/launch/week-6/rails-marathon/app/controllers/houses_controller.rb:24: syntax error, unexpected tIVAR, expecting '('):
  
app/controllers/houses_controller.rb:24: syntax error, unexpected tIVAR, expecting '('
Started GET "/houses" for ::1 at 2018-07-19 14:53:40 -0400
Processing by HousesController#index as HTML
  Rendering houses/index.html.erb within layouts/application
  [1m[36mHouse Load (3.6ms)[0m  [1m[34mSELECT "houses".* FROM "houses"[0m
  Rendered houses/index.html.erb within layouts/application (73.6ms)
Completed 200 OK in 206ms (Views: 77.7ms | ActiveRecord: 45.8ms)


Started GET "/houses/4" for ::1 at 2018-07-19 15:03:35 -0400
Processing by HousesController#show as HTML
  Parameters: {"id"=>"4"}
  [1m[36mHouse Load (5.8ms)[0m  [1m[34mSELECT  "houses".* FROM "houses" WHERE "houses"."id" = $1 LIMIT $2[0m  [["id", 4], ["LIMIT", 1]]
Completed 500 Internal Server Error in 100ms (ActiveRecord: 5.8ms)


  
NoMethodError (undefined method `validates' for Member:Class):
  
app/models/member.rb:2:in `<class:Member>'
app/models/member.rb:1:in `<top (required)>'
app/controllers/houses_controller.rb:24:in `show'
Started GET "/houses/4" for ::1 at 2018-07-19 15:05:29 -0400
Processing by HousesController#show as HTML
  Parameters: {"id"=>"4"}
  [1m[36mHouse Load (1.2ms)[0m  [1m[34mSELECT  "houses".* FROM "houses" WHERE "houses"."id" = $1 LIMIT $2[0m  [["id", 4], ["LIMIT", 1]]
Completed 500 Internal Server Error in 117ms (ActiveRecord: 1.2ms)


  
NoMethodError (undefined method `validates' for Member:Class):
  
app/models/member.rb:2:in `<class:Member>'
app/models/member.rb:1:in `<top (required)>'
app/controllers/houses_controller.rb:24:in `show'
Started GET "/houses/4" for ::1 at 2018-07-19 15:11:54 -0400
Processing by HousesController#show as HTML
  Parameters: {"id"=>"4"}
  [1m[36mHouse Load (1.3ms)[0m  [1m[34mSELECT  "houses".* FROM "houses" WHERE "houses"."id" = $1 LIMIT $2[0m  [["id", 4], ["LIMIT", 1]]
Completed 500 Internal Server Error in 43ms (ActiveRecord: 1.3ms)


  
NoMethodError (undefined method `validates' for Member:Class):
  
app/models/member.rb:2:in `<class:Member>'
app/models/member.rb:1:in `<top (required)>'
app/controllers/houses_controller.rb:24:in `show'
Started GET "/houses" for ::1 at 2018-07-19 15:12:05 -0400
Processing by HousesController#index as HTML
  Rendering houses/index.html.erb within layouts/application
  [1m[36mHouse Load (10.6ms)[0m  [1m[34mSELECT "houses".* FROM "houses"[0m
  Rendered houses/index.html.erb within layouts/application (19.6ms)
Completed 200 OK in 67ms (Views: 51.6ms | ActiveRecord: 10.6ms)


Started GET "/houses/4" for ::1 at 2018-07-19 15:12:08 -0400
Processing by HousesController#show as HTML
  Parameters: {"id"=>"4"}
  [1m[36mHouse Load (0.6ms)[0m  [1m[34mSELECT  "houses".* FROM "houses" WHERE "houses"."id" = $1 LIMIT $2[0m  [["id", 4], ["LIMIT", 1]]
Completed 500 Internal Server Error in 9ms (ActiveRecord: 0.6ms)


  
NoMethodError (undefined method `validates' for Member:Class):
  
app/models/member.rb:2:in `<class:Member>'
app/models/member.rb:1:in `<top (required)>'
app/controllers/houses_controller.rb:24:in `show'
Started GET "/houses/4" for ::1 at 2018-07-19 15:12:49 -0400
Processing by HousesController#show as HTML
  Parameters: {"id"=>"4"}
  [1m[36mHouse Load (1.6ms)[0m  [1m[34mSELECT  "houses".* FROM "houses" WHERE "houses"."id" = $1 LIMIT $2[0m  [["id", 4], ["LIMIT", 1]]
Completed 500 Internal Server Error in 161ms (ActiveRecord: 45.9ms)


  
ArgumentError (You are passing an instance of ActiveRecord::Base to `find`. Please pass the id of the object by calling `.id`.):
  
app/controllers/houses_controller.rb:24:in `show'
Started GET "/houses/4" for ::1 at 2018-07-19 15:13:41 -0400
Processing by HousesController#show as HTML
  Parameters: {"id"=>"4"}
  [1m[36mHouse Load (0.4ms)[0m  [1m[34mSELECT  "houses".* FROM "houses" WHERE "houses"."id" = $1 LIMIT $2[0m  [["id", 4], ["LIMIT", 1]]
  [1m[36mMember Load (9.1ms)[0m  [1m[34mSELECT  "members".* FROM "members" WHERE "members"."id" = $1 LIMIT $2[0m  [["id", 4], ["LIMIT", 1]]
Completed 404 Not Found in 34ms (ActiveRecord: 9.5ms)


  
ActiveRecord::RecordNotFound (Couldn't find Member with 'id'=4):
  
app/controllers/houses_controller.rb:24:in `show'
Started GET "/houses/4" for ::1 at 2018-07-19 15:14:04 -0400
Processing by HousesController#show as HTML
  Parameters: {"id"=>"4"}
  [1m[36mHouse Load (6.6ms)[0m  [1m[34mSELECT  "houses".* FROM "houses" WHERE "houses"."id" = $1 LIMIT $2[0m  [["id", 4], ["LIMIT", 1]]
  [1m[36mMember Load (4.8ms)[0m  [1m[34mSELECT  "members".* FROM "members" WHERE "members"."id" = $1 LIMIT $2[0m  [["id", 4], ["LIMIT", 1]]
Completed 404 Not Found in 16ms (ActiveRecord: 11.4ms)


  
ActiveRecord::RecordNotFound (Couldn't find Member with 'id'=4):
  
app/controllers/houses_controller.rb:24:in `show'
Started GET "/houses/4" for ::1 at 2018-07-19 15:14:28 -0400
Processing by HousesController#show as HTML
  Parameters: {"id"=>"4"}
  [1m[36mHouse Load (0.4ms)[0m  [1m[34mSELECT  "houses".* FROM "houses" WHERE "houses"."id" = $1 LIMIT $2[0m  [["id", 4], ["LIMIT", 1]]
  [1m[36mMember Load (0.5ms)[0m  [1m[34mSELECT  "members".* FROM "members" WHERE "members"."id" = $1 LIMIT $2[0m  [["id", 4], ["LIMIT", 1]]
Completed 404 Not Found in 70ms (ActiveRecord: 41.3ms)


  
ActiveRecord::RecordNotFound (Couldn't find Member with 'id'=4):
  
app/controllers/houses_controller.rb:24:in `show'
Started GET "/houses/4" for ::1 at 2018-07-19 15:15:48 -0400
Processing by HousesController#show as HTML
  Parameters: {"id"=>"4"}
  [1m[36mHouse Load (0.4ms)[0m  [1m[34mSELECT  "houses".* FROM "houses" WHERE "houses"."id" = $1 LIMIT $2[0m  [["id", 4], ["LIMIT", 1]]
  Rendering houses/show.html.erb within layouts/application
  [1m[36mMember Load (0.4ms)[0m  [1m[34mSELECT "members".* FROM "members" WHERE "members"."house_id" = $1[0m  [["house_id", 4]]
  Rendered houses/show.html.erb within layouts/application (11.2ms)
Completed 500 Internal Server Error in 61ms (ActiveRecord: 0.7ms)


  
ActionView::Template::Error (First argument in form cannot contain nil or be empty):
    12:   </ol>
    13: 
    14: <h3>Add A Member</h3>
    15: <%= form_for [@member] do |f| %>
    16:   <%= f.label :first_name, 'First Name' %>
    17:   <%= f.text_field :first_name %>
    18: 
  
app/views/houses/show.html.erb:15:in `_app_views_houses_show_html_erb__2458501357401605247_70125652242920'
Started GET "/houses/4" for ::1 at 2018-07-19 15:16:58 -0400
Processing by HousesController#show as HTML
  Parameters: {"id"=>"4"}
  [1m[36mHouse Load (4.7ms)[0m  [1m[34mSELECT  "houses".* FROM "houses" WHERE "houses"."id" = $1 LIMIT $2[0m  [["id", 4], ["LIMIT", 1]]
  Rendering houses/show.html.erb within layouts/application
  [1m[36mMember Load (2.4ms)[0m  [1m[34mSELECT "members".* FROM "members" WHERE "members"."house_id" = $1[0m  [["house_id", 4]]
  Rendered houses/show.html.erb within layouts/application (8.3ms)
Completed 500 Internal Server Error in 24ms (ActiveRecord: 7.1ms)


  
ActionView::Template::Error (First argument in form cannot contain nil or be empty):
    12:   </ol>
    13: 
    14: <h3>Add A Member</h3>
    15: <%= form_for [@house, @member] do |f| %>
    16:   <%= f.label :first_name, 'First Name' %>
    17:   <%= f.text_field :first_name %>
    18: 
  
app/views/houses/show.html.erb:15:in `_app_views_houses_show_html_erb__2458501357401605247_70125618730520'
Started GET "/houses/4" for ::1 at 2018-07-19 15:18:20 -0400
Processing by HousesController#show as HTML
  Parameters: {"id"=>"4"}
  [1m[36mHouse Load (0.4ms)[0m  [1m[34mSELECT  "houses".* FROM "houses" WHERE "houses"."id" = $1 LIMIT $2[0m  [["id", 4], ["LIMIT", 1]]
  Rendering houses/show.html.erb within layouts/application
  [1m[36mMember Load (1.0ms)[0m  [1m[34mSELECT "members".* FROM "members" WHERE "members"."house_id" = $1[0m  [["house_id", 4]]
  Rendered houses/show.html.erb within layouts/application (10.0ms)
Completed 500 Internal Server Error in 23ms (ActiveRecord: 1.4ms)


  
ActionView::Template::Error (First argument in form cannot contain nil or be empty):
    14:   </ol>
    15: 
    16: <h3>Add A Member</h3>
    17: <%= form_for [@member] do |f| %>
    18:   <%= f.label :first_name, 'First Name' %>
    19:   <%= f.text_field :first_name %>
    20: 
  
app/views/houses/show.html.erb:17:in `_app_views_houses_show_html_erb__2458501357401605247_70125671860940'
Started GET "/houses/4" for ::1 at 2018-07-19 15:18:38 -0400
Processing by HousesController#show as HTML
  Parameters: {"id"=>"4"}
  [1m[36mHouse Load (2.8ms)[0m  [1m[34mSELECT  "houses".* FROM "houses" WHERE "houses"."id" = $1 LIMIT $2[0m  [["id", 4], ["LIMIT", 1]]
  Rendering houses/show.html.erb within layouts/application
  [1m[36mMember Load (1.4ms)[0m  [1m[34mSELECT "members".* FROM "members" WHERE "members"."house_id" = $1[0m  [["house_id", 4]]
  Rendered houses/show.html.erb within layouts/application (16.9ms)
Completed 500 Internal Server Error in 32ms (ActiveRecord: 4.2ms)


  
ActionView::Template::Error (First argument in form cannot contain nil or be empty):
    14:   </ol>
    15: 
    16: <h3>Add A Member</h3>
    17: <%= form_for [@house, @member] do |f| %>
    18:   <%= f.label :first_name, 'First Name' %>
    19:   <%= f.text_field :first_name %>
    20: 
  
app/views/houses/show.html.erb:17:in `_app_views_houses_show_html_erb__2458501357401605247_70125674026360'
Started GET "/houses/4" for ::1 at 2018-07-19 15:20:54 -0400
Processing by HousesController#show as HTML
  Parameters: {"id"=>"4"}
  [1m[36mHouse Load (1.5ms)[0m  [1m[34mSELECT  "houses".* FROM "houses" WHERE "houses"."id" = $1 LIMIT $2[0m  [["id", 4], ["LIMIT", 1]]
  Rendering houses/show.html.erb within layouts/application
  [1m[36mMember Load (0.8ms)[0m  [1m[34mSELECT "members".* FROM "members" WHERE "members"."house_id" = $1[0m  [["house_id", 4]]
  Rendered houses/show.html.erb within layouts/application (88.6ms)
Completed 500 Internal Server Error in 174ms (ActiveRecord: 40.4ms)


  
ActionView::Template::Error (undefined method `house_members_path' for #<#<Class:0x007f8ecaae2c38>:0x007f8ecaa0a2e8>
Did you mean?  house_path):
    14:   </ol>
    15: 
    16: <h3>Add A Member</h3>
    17: <%= form_for [@house, @member] do |f| %>
    18:   <%= f.label :first_name, 'First Name' %>
    19:   <%= f.text_field :first_name %>
    20: 
  
app/views/houses/show.html.erb:17:in `_app_views_houses_show_html_erb__2458501357401605247_70125631258660'
Started GET "/houses/4" for ::1 at 2018-07-19 15:23:13 -0400
Processing by HousesController#show as HTML
  Parameters: {"id"=>"4"}
  [1m[36mHouse Load (0.5ms)[0m  [1m[34mSELECT  "houses".* FROM "houses" WHERE "houses"."id" = $1 LIMIT $2[0m  [["id", 4], ["LIMIT", 1]]
  Rendering houses/show.html.erb within layouts/application
  [1m[36mMember Load (0.6ms)[0m  [1m[34mSELECT "members".* FROM "members" WHERE "members"."house_id" = $1[0m  [["house_id", 4]]
  Rendered houses/show.html.erb within layouts/application (18.0ms)
Completed 200 OK in 112ms (Views: 68.5ms | ActiveRecord: 1.1ms)


Started POST "/houses/4/members" for ::1 at 2018-07-19 15:23:48 -0400
Processing by MembersController#create as HTML
  Parameters: {"utf8"=>"✓", "authenticity_token"=>"UsLEqHSnza69M37f9rAfoPN5hzMoJgyPW4wzHuw6IeLkQQJjqy8XRshMh+vRg9s4ta8KjNy7NlkgjqW5ZkD1QA==", "member"=>{"first_name"=>"Rahul", "last_name"=>"Sangar"}, "commit"=>"Add Member", "house_id"=>"4"}
  [1m[36mHouse Load (0.9ms)[0m  [1m[34mSELECT  "houses".* FROM "houses" WHERE "houses"."id" = $1 LIMIT $2[0m  [["id", 4], ["LIMIT", 1]]
  [1m[35m (0.8ms)[0m  [1m[35mBEGIN[0m
  [1m[35mSQL (20.9ms)[0m  [1m[32mINSERT INTO "members" ("house_id", "first_name", "last_name", "created_at", "updated_at") VALUES ($1, $2, $3, $4, $5) RETURNING "id"[0m  [["house_id", 4], ["first_name", "Rahul"], ["last_name", "Sangar"], ["created_at", "2018-07-19 19:23:48.246008"], ["updated_at", "2018-07-19 19:23:48.246008"]]
  [1m[35m (0.5ms)[0m  [1m[35mCOMMIT[0m
Redirected to http://localhost:3000/houses/4
Completed 302 Found in 48ms (ActiveRecord: 23.0ms)


Started GET "/houses/4" for ::1 at 2018-07-19 15:23:48 -0400
Processing by HousesController#show as HTML
  Parameters: {"id"=>"4"}
  [1m[36mHouse Load (0.5ms)[0m  [1m[34mSELECT  "houses".* FROM "houses" WHERE "houses"."id" = $1 LIMIT $2[0m  [["id", 4], ["LIMIT", 1]]
  Rendering houses/show.html.erb within layouts/application
  [1m[36mMember Load (0.6ms)[0m  [1m[34mSELECT "members".* FROM "members" WHERE "members"."house_id" = $1[0m  [["house_id", 4]]
  Rendered houses/show.html.erb within layouts/application (25.4ms)
Completed 200 OK in 65ms (Views: 59.6ms | ActiveRecord: 1.1ms)


Started GET "/houses/4" for ::1 at 2018-07-19 15:30:34 -0400
Processing by HousesController#show as HTML
  Parameters: {"id"=>"4"}
  [1m[36mHouse Load (2.2ms)[0m  [1m[34mSELECT  "houses".* FROM "houses" WHERE "houses"."id" = $1 LIMIT $2[0m  [["id", 4], ["LIMIT", 1]]
  Rendering houses/show.html.erb within layouts/application
  [1m[36mMember Load (3.1ms)[0m  [1m[34mSELECT "members".* FROM "members" WHERE "members"."house_id" = $1[0m  [["house_id", 4]]
  Rendered houses/show.html.erb within layouts/application (53.3ms)
Completed 200 OK in 189ms (Views: 149.3ms | ActiveRecord: 5.3ms)


Started GET "/houses/member/new" for ::1 at 2018-07-19 18:34:44 -0400
  
ActionController::RoutingError (No route matches [GET] "/houses/member/new"):
  
actionpack (5.1.4) lib/action_dispatch/middleware/debug_exceptions.rb:63:in `call'
actionpack (5.1.4) lib/action_dispatch/middleware/show_exceptions.rb:31:in `call'
railties (5.1.4) lib/rails/rack/logger.rb:36:in `call_app'
railties (5.1.4) lib/rails/rack/logger.rb:24:in `block in call'
activesupport (5.1.4) lib/active_support/tagged_logging.rb:69:in `block in tagged'
activesupport (5.1.4) lib/active_support/tagged_logging.rb:26:in `tagged'
activesupport (5.1.4) lib/active_support/tagged_logging.rb:69:in `tagged'
railties (5.1.4) lib/rails/rack/logger.rb:24:in `call'
sprockets-rails (3.2.1) lib/sprockets/rails/quiet_assets.rb:13:in `call'
actionpack (5.1.4) lib/action_dispatch/middleware/remote_ip.rb:79:in `call'
actionpack (5.1.4) lib/action_dispatch/middleware/request_id.rb:25:in `call'
rack (2.0.3) lib/rack/method_override.rb:22:in `call'
rack (2.0.3) lib/rack/runtime.rb:22:in `call'
activesupport (5.1.4) lib/active_support/cache/strategy/local_cache_middleware.rb:27:in `call'
actionpack (5.1.4) lib/action_dispatch/middleware/executor.rb:12:in `call'
actionpack (5.1.4) lib/action_dispatch/middleware/static.rb:125:in `call'
rack (2.0.3) lib/rack/sendfile.rb:111:in `call'
railties (5.1.4) lib/rails/engine.rb:522:in `call'
rack (2.0.3) lib/rack/handler/webrick.rb:86:in `service'
/Users/rahulsangar/.rubies/ruby-2.3.3/lib/ruby/2.3.0/webrick/httpserver.rb:140:in `service'
/Users/rahulsangar/.rubies/ruby-2.3.3/lib/ruby/2.3.0/webrick/httpserver.rb:96:in `run'
/Users/rahulsangar/.rubies/ruby-2.3.3/lib/ruby/2.3.0/webrick/server.rb:296:in `block in start_thread'
Started GET "/houses/1/members/new" for ::1 at 2018-07-19 18:34:59 -0400
Processing by MembersController#new as HTML
  Parameters: {"house_id"=>"1"}
  [1m[36mHouse Load (1.6ms)[0m  [1m[34mSELECT  "houses".* FROM "houses" WHERE "houses"."id" = $1 LIMIT $2[0m  [["id", 1], ["LIMIT", 1]]
Completed 404 Not Found in 226ms (ActiveRecord: 55.3ms)


  
ActiveRecord::RecordNotFound (Couldn't find House with 'id'=1):
  
app/controllers/members_controller.rb:4:in `new'
Started GET "/houses/4" for ::1 at 2018-07-19 18:36:49 -0400
Processing by HousesController#show as HTML
  Parameters: {"id"=>"4"}
  [1m[36mHouse Load (0.5ms)[0m  [1m[34mSELECT  "houses".* FROM "houses" WHERE "houses"."id" = $1 LIMIT $2[0m  [["id", 4], ["LIMIT", 1]]
  Rendering houses/show.html.erb within layouts/application
  [1m[36mMember Load (3.3ms)[0m  [1m[34mSELECT "members".* FROM "members" WHERE "members"."house_id" = $1[0m  [["house_id", 4]]
  Rendered houses/show.html.erb within layouts/application (49.1ms)
Completed 500 Internal Server Error in 336ms (ActiveRecord: 97.6ms)


  
ActionView::Template::Error (No route matches {:action=>"new", :controller=>"members", :id=>"4"}, missing required keys: [:house_id]):
    13:     <% end %>
    14:   </ol>
    15: 
    16: <%= link_to "Add a House Memebr", new_house_member_path %>
    17: <!-- <h3>Add A Member</h3>
    18: <%= form_for [@house, @member] do |f| %>
    19:   <%= f.label :first_name, 'First Name' %>
  
app/views/houses/show.html.erb:16:in `_app_views_houses_show_html_erb__2458501357401605247_70125672423300'
Started GET "/houses/4" for ::1 at 2018-07-19 18:39:15 -0400
Processing by HousesController#show as HTML
  Parameters: {"id"=>"4"}
  [1m[36mHouse Load (2.7ms)[0m  [1m[34mSELECT  "houses".* FROM "houses" WHERE "houses"."id" = $1 LIMIT $2[0m  [["id", 4], ["LIMIT", 1]]
  Rendering houses/show.html.erb within layouts/application
  [1m[36mMember Load (7.3ms)[0m  [1m[34mSELECT "members".* FROM "members" WHERE "members"."house_id" = $1[0m  [["house_id", 4]]
  Rendered houses/show.html.erb within layouts/application (56.1ms)
Completed 200 OK in 155ms (Views: 137.9ms | ActiveRecord: 9.9ms)


Started GET "/houses/4/members/new" for ::1 at 2018-07-19 18:39:18 -0400
Processing by MembersController#new as HTML
  Parameters: {"house_id"=>"4"}
  [1m[36mHouse Load (1.3ms)[0m  [1m[34mSELECT  "houses".* FROM "houses" WHERE "houses"."id" = $1 LIMIT $2[0m  [["id", 4], ["LIMIT", 1]]
  Rendering members/new.html.erb within layouts/application
  Rendered members/new.html.erb within layouts/application (4.7ms)
Completed 200 OK in 26ms (Views: 20.0ms | ActiveRecord: 1.3ms)


Started GET "/houses/4/members/new" for ::1 at 2018-07-19 18:40:13 -0400
Processing by MembersController#new as HTML
  Parameters: {"house_id"=>"4"}
  [1m[36mHouse Load (3.4ms)[0m  [1m[34mSELECT  "houses".* FROM "houses" WHERE "houses"."id" = $1 LIMIT $2[0m  [["id", 4], ["LIMIT", 1]]
  Rendering members/new.html.erb within layouts/application
  Rendered members/new.html.erb within layouts/application (20.6ms)
Completed 200 OK in 85ms (Views: 67.0ms | ActiveRecord: 3.4ms)


Started POST "/houses/4/members" for ::1 at 2018-07-19 18:43:15 -0400
Processing by MembersController#create as HTML
  Parameters: {"utf8"=>"✓", "authenticity_token"=>"myo6efdnfLZSoDEihln9ChAtoNonn+yGwBmwF2lCY2QtqfyyKO+mXiffyBahajmSVvstZdMC1lC7Gyaw4zi3xg==", "member"=>{"first_name"=>"Rahul", "last_name"=>""}, "commit"=>"Add Member", "house_id"=>"4"}
  [1m[36mHouse Load (1.3ms)[0m  [1m[34mSELECT  "houses".* FROM "houses" WHERE "houses"."id" = $1 LIMIT $2[0m  [["id", 4], ["LIMIT", 1]]
  [1m[35m (0.5ms)[0m  [1m[35mBEGIN[0m
  [1m[35m (0.3ms)[0m  [1m[31mROLLBACK[0m
  Rendering houses/show.html.erb within layouts/application
  Rendered houses/show.html.erb within layouts/application (6.6ms)
Completed 200 OK in 105ms (Views: 45.0ms | ActiveRecord: 2.1ms)


